[2026-06-19 03:22:19] REGISTRO EXITOSO - Usuario: jonnytelasaco@gmail.com
[2026-06-19 03:22:39] LOGIN EXITOSO - Usuario: jonnytelasaco@gmail.com
[2026-06-19 03:25:34] GALLETA ABIERTA - Usuario ID: 4 - Mensaje ID: 68
[2026-06-19 03:25:35] GALLETA ABIERTA - Usuario ID: 4 - Mensaje ID: 25
[2026-06-19 03:25:36] GALLETA ABIERTA - Usuario ID: 4 - Mensaje ID: 69
[2026-06-19 03:25:36] GALLETA ABIERTA - Usuario ID: 4 - Mensaje ID: 94
[2026-06-19 03:25:37] GALLETA ABIERTA - Usuario ID: 4 - Mensaje ID: 102
[2026-06-19 03:38:03] GALLETA ABIERTA - Usuario ID: 4 - Mensaje ID: 60
[2026-06-19 03:38:05] GALLETA ABIERTA - Usuario ID: 4 - Mensaje ID: 72
[2026-06-19 03:38:05] GALLETA ABIERTA - Usuario ID: 4 - Mensaje ID: 59
[2026-06-19 03:38:05] GALLETA ABIERTA - Usuario ID: 4 - Mensaje ID: 113
[2026-06-19 03:38:06] GALLETA ABIERTA - Usuario ID: 4 - Mensaje ID: 84
[2026-06-19 03:38:06] GALLETA ABIERTA - Usuario ID: 4 - Mensaje ID: 43
[2026-06-19 03:38:19] GALLETA ABIERTA - Usuario ID: 4 - Mensaje ID: 55
[2026-06-19 03:38:20] GALLETA ABIERTA - Usuario ID: 4 - Mensaje ID: 83
[2026-06-19 03:38:20] GALLETA ABIERTA - Usuario ID: 4 - Mensaje ID: 52
[2026-06-19 03:38:45] LOGIN EXITOSO - Usuario: jonnytelasaco@gmail.com
[2026-06-19 03:46:36] GALLETA ABIERTA - Usuario ID: 4 - Mensaje ID: 99
[2026-06-19 03:48:31] GALLETA ABIERTA - Usuario ID: 4 - Mensaje ID: 45
[2026-06-19 03:48:33] GALLETA ABIERTA - Usuario ID: 4 - Mensaje ID: 62
[2026-06-19 03:48:36] GALLETA ABIERTA - Usuario ID: 4 - Mensaje ID: 19
[2026-06-19 03:48:40] GALLETA ABIERTA - Usuario ID: 4 - Mensaje ID: 32
[2026-06-19 03:52:36] LOGIN EXITOSO - Usuario: jonnytelasaco@gmail.com
[2026-06-19 03:53:13] LOGIN EXITOSO - Usuario: lookintoledo@gmail.com
[2026-06-19 03:58:14] GALLETA ABIERTA - Usuario ID: 1 - Mensaje ID: 13
[2026-06-19 03:58:17] GALLETA ABIERTA - Usuario ID: 1 - Mensaje ID: 42
[2026-06-19 03:58:18] GALLETA ABIERTA - Usuario ID: 1 - Mensaje ID: 30
[2026-06-19 03:58:19] GALLETA ABIERTA - Usuario ID: 1 - Mensaje ID: 16
[2026-06-19 03:59:31] GALLETA ABIERTA - Usuario ID: 1 - Mensaje ID: 42
[2026-06-19 03:59:33] GALLETA ABIERTA - Usuario ID: 1 - Mensaje ID: 106
[2026-06-19 03:59:35] GALLETA ABIERTA - Usuario ID: 1 - Mensaje ID: 40
[2026-06-19 03:59:43] LOGIN EXITOSO - Usuario: jonnytelasaco@gmail.com
[2026-06-19 03:59:47] GALLETA ABIERTA - Usuario ID: 4 - Mensaje ID: 51
[2026-06-19 03:59:49] GALLETA ABIERTA - Usuario ID: 4 - Mensaje ID: 110
[2026-06-19 04:00:09] LOGIN EXITOSO - Usuario: lookintoledo@gmail.com
[2026-06-19 04:00:26] GALLETA ABIERTA - Usuario ID: 1 - Mensaje ID: 70
[2026-06-19 04:00:30] LOGIN EXITOSO - Usuario: lookintoledo@gmail.com
[2026-06-22 13:49:32] LOGIN EXITOSO - Usuario: jonnytelasaco@gmail.com
[2026-06-22 13:49:38] GALLETA ABIERTA - Usuario ID: 4 - Mensaje ID: 91
[2026-06-22 13:49:42] GALLETA ABIERTA - Usuario ID: 4 - Mensaje ID: 96
[2026-06-22 13:49:44] GALLETA ABIERTA - Usuario ID: 4 - Mensaje ID: 70
[2026-06-22 13:49:46] GALLETA ABIERTA - Usuario ID: 4 - Mensaje ID: 36
[2026-06-22 13:50:25] GALLETA ABIERTA - Usuario ID: 4 - Mensaje ID: 44
[2026-06-22 13:50:27] GALLETA ABIERTA - Usuario ID: 4 - Mensaje ID: 47
[2026-06-22 13:50:29] GALLETA ABIERTA - Usuario ID: 4 - Mensaje ID: 105
[2026-06-22 14:05:12] GALLETA ABIERTA - Usuario ID: 4 - Mensaje ID: 65
[2026-06-22 14:05:16] GALLETA ABIERTA - Usuario ID: 4 - Mensaje ID: 89
[2026-06-22 14:05:21] GALLETA ABIERTA - Usuario ID: 4 - Mensaje ID: 50
[2026-06-22 14:08:26] GALLETA ABIERTA - Usuario ID: 4 - Mensaje ID: 88
[2026-06-22 14:08:32] GALLETA ABIERTA - Usuario ID: 4 - Mensaje ID: 13
[2026-06-22 14:08:39] GALLETA ABIERTA - Usuario ID: 4 - Mensaje ID: 50
[2026-06-22 14:16:07] GALLETA ABIERTA - Usuario ID: 4 - Mensaje ID: 41
[2026-06-22 14:16:12] GALLETA ABIERTA - Usuario ID: 4 - Mensaje ID: 75
[2026-06-22 14:16:14] GALLETA ABIERTA - Usuario ID: 4 - Mensaje ID: 79
[2026-06-22 14:16:17] GALLETA ABIERTA - Usuario ID: 4 - Mensaje ID: 21
[2026-06-22 14:23:23] GALLETA ABIERTA - Usuario ID: 4 - Mensaje ID: 70
[2026-06-22 14:23:28] GALLETA ABIERTA - Usuario ID: 4 - Mensaje ID: 72
[2026-06-22 14:23:34] GALLETA ABIERTA - Usuario ID: 4 - Mensaje ID: 48
[2026-06-22 14:23:38] GALLETA ABIERTA - Usuario ID: 4 - Mensaje ID: 60
[2026-06-22 14:24:24] GALLETA ABIERTA - Usuario ID: 4 - Mensaje ID: 30
[2026-06-22 14:24:26] GALLETA ABIERTA - Usuario ID: 4 - Mensaje ID: 84
[2026-06-22 14:25:30] GALLETA ABIERTA - Usuario ID: 4 - Mensaje ID: 71
[2026-06-22 14:25:33] GALLETA ABIERTA - Usuario ID: 4 - Mensaje ID: 29
[2026-06-22 14:26:48] GALLETA ABIERTA - Usuario ID: 4 - Mensaje ID: 44
[2026-06-22 14:26:51] GALLETA ABIERTA - Usuario ID: 4 - Mensaje ID: 62
[2026-06-22 14:30:20] GALLETA ABIERTA - Usuario ID: 4 - Mensaje ID: 15
[2026-06-22 14:30:23] GALLETA ABIERTA - Usuario ID: 4 - Mensaje ID: 92
[2026-06-22 14:30:27] GALLETA ABIERTA - Usuario ID: 4 - Mensaje ID: 10
[2026-06-22 14:34:13] GALLETA ABIERTA - Usuario ID: 4 - Mensaje ID: 81
[2026-06-22 14:34:16] GALLETA ABIERTA - Usuario ID: 4 - Mensaje ID: 80
[2026-06-22 14:34:19] GALLETA ABIERTA - Usuario ID: 4 - Mensaje ID: 53
[2026-06-22 14:34:22] GALLETA ABIERTA - Usuario ID: 4 - Mensaje ID: 48
[2026-06-22 14:34:27] GALLETA ABIERTA - Usuario ID: 4 - Mensaje ID: 79
[2026-06-22 14:34:30] GALLETA ABIERTA - Usuario ID: 4 - Mensaje ID: 28
[2026-06-22 14:37:23] GALLETA ABIERTA - Usuario ID: 4 - Mensaje ID: 86
[2026-06-22 14:37:29] GALLETA ABIERTA - Usuario ID: 4 - Mensaje ID: 55
[2026-06-22 14:37:37] GALLETA ABIERTA - Usuario ID: 4 - Mensaje ID: 84
[2026-06-22 14:37:42] GALLETA ABIERTA - Usuario ID: 4 - Mensaje ID: 45
[2026-06-22 14:37:48] GALLETA ABIERTA - Usuario ID: 4 - Mensaje ID: 58
[2026-06-22 14:38:39] LOGIN EXITOSO - Usuario: lookintoledo@gmail.com
[2026-06-22 14:38:42] GALLETA ABIERTA - Usuario ID: 1 - Mensaje ID: 45
[2026-06-22 14:38:51] GALLETA ABIERTA - Usuario ID: 1 - Mensaje ID: 15
[2026-06-22 14:38:56] GALLETA ABIERTA - Usuario ID: 1 - Mensaje ID: 3
[2026-06-22 14:39:03] GALLETA ABIERTA - Usuario ID: 1 - Mensaje ID: 104
[2026-06-22 14:39:09] GALLETA ABIERTA - Usuario ID: 1 - Mensaje ID: 84
[2026-06-22 14:39:27] GALLETA ABIERTA - Usuario ID: 1 - Mensaje ID: 6
[2026-06-22 14:39:32] GALLETA ABIERTA - Usuario ID: 1 - Mensaje ID: 67
[2026-06-22 14:41:44] GALLETA ABIERTA - Usuario ID: 1 - Mensaje ID: 95
[2026-06-22 14:42:02] GALLETA ABIERTA - Usuario ID: 1 - Mensaje ID: 71
[2026-06-22 14:42:06] GALLETA ABIERTA - Usuario ID: 1 - Mensaje ID: 110
[2026-06-22 14:42:35] GALLETA ABIERTA - Usuario ID: 1 - Mensaje ID: 50
[2026-06-22 14:42:40] GALLETA ABIERTA - Usuario ID: 1 - Mensaje ID: 97
[2026-06-22 14:42:44] GALLETA ABIERTA - Usuario ID: 1 - Mensaje ID: 60
[2026-06-22 14:42:50] GALLETA ABIERTA - Usuario ID: 1 - Mensaje ID: 27
[2026-06-22 14:45:29] GALLETA ABIERTA - Usuario ID: 1 - Mensaje ID: 102
[2026-06-22 14:45:39] GALLETA ABIERTA - Usuario ID: 1 - Mensaje ID: 33
[2026-06-22 14:45:44] GALLETA ABIERTA - Usuario ID: 1 - Mensaje ID: 43
[2026-06-22 14:45:54] GALLETA ABIERTA - Usuario ID: 1 - Mensaje ID: 31
[2026-06-22 14:45:59] GALLETA ABIERTA - Usuario ID: 1 - Mensaje ID: 64
[2026-06-22 14:51:53] GALLETA ABIERTA - Usuario ID: 1 - Mensaje ID: 63
[2026-06-22 14:52:58] LOGIN EXITOSO - Usuario: jonnytelasaco@gmail.com
[2026-06-22 14:53:02] GALLETA ABIERTA - Usuario ID: 4 - Mensaje ID: 76
[2026-06-22 14:53:06] GALLETA ABIERTA - Usuario ID: 4 - Mensaje ID: 54
[2026-06-22 14:53:12] GALLETA ABIERTA - Usuario ID: 4 - Mensaje ID: 28
[2026-06-22 14:54:11] GALLETA ABIERTA - Usuario ID: 4 - Mensaje ID: 88
[2026-06-22 14:54:21] GALLETA ABIERTA - Usuario ID: 4 - Mensaje ID: 65
[2026-06-22 15:03:28] GALLETA ABIERTA - Usuario ID: 4 - Mensaje ID: 1
[2026-06-22 15:04:12] GALLETA ABIERTA - Usuario ID: 4 - Mensaje ID: 75
[2026-06-22 15:05:18] GALLETA ABIERTA - Usuario ID: 4 - Mensaje ID: 97
[2026-06-22 15:06:11] LOGIN EXITOSO - Usuario: lookintoledo@gmail.com
[2026-06-22 15:06:55] GALLETA ABIERTA - Usuario ID: 1 - Mensaje ID: 79
[2026-06-22 15:11:24] GALLETA ABIERTA - Usuario ID: 1 - Mensaje ID: 36
[2026-06-23 01:42:05] LOGIN EXITOSO - Usuario: lookintoledo@gmail.com
[2026-06-23 01:42:09] GALLETA ABIERTA - Usuario ID: 1 - Mensaje ID: 85
[2026-06-24 09:11:51] LOGIN EXITOSO - Usuario: lookintoledo@gmail.com
[2026-06-24 09:14:47] GALLETA ABIERTA - Usuario ID: 1 - Mensaje ID: 93
[2026-06-24 09:15:03] GALLETA ABIERTA - Usuario ID: 1 - Mensaje ID: 92
[2026-06-24 13:38:40] LOGIN EXITOSO - Usuario: lookintoledo@gmail.com
[2026-06-24 13:38:51] GALLETA ABIERTA - Usuario ID: 1 - Mensaje ID: 107
[2026-06-24 13:39:00] GALLETA ABIERTA - Usuario ID: 1 - Mensaje ID: 58
[2026-06-24 13:39:24] LOGIN EXITOSO - Usuario: lookintoledo@gmail.com
[2026-07-03 06:37:49] LOGIN EXITOSO - Usuario: lookintoledo@gmail.com
[2026-07-03 06:37:54] GALLETA ABIERTA - Usuario ID: 1 - Mensaje ID: 70
[2026-07-03 06:38:03] GALLETA ABIERTA - Usuario ID: 1 - Mensaje ID: 64
[2026-07-03 06:38:07] GALLETA ABIERTA - Usuario ID: 1 - Mensaje ID: 118
[2026-07-03 06:45:17] GALLETA ABIERTA - Usuario ID: 1 - Mensaje ID: 24
[2026-07-03 07:01:03] GALLETA ABIERTA - Usuario ID: 1 - Mensaje ID: 49
[2026-07-03 08:00:12] LOGIN EXITOSO - Usuario: jonnytelasaco@gmail.com
[2026-07-03 08:02:39] LOGIN EXITOSO - Usuario: peruano@gmail.com
[2026-07-03 08:03:12] GALLETA ABIERTA - Usuario ID: 3 - Mensaje ID: 87
[2026-07-03 08:03:18] GALLETA ABIERTA - Usuario ID: 3 - Mensaje ID: 50
[2026-07-03 08:05:47] LOGIN EXITOSO - Usuario: lookintoledo@gmail.com
[2026-07-03 08:08:27] LOGIN EXITOSO - Usuario: peruano@gmail.com
[2026-07-03 08:08:32] GALLETA ABIERTA - Usuario ID: 3 - Mensaje ID: 86
[2026-07-03 08:10:49] LOGIN EXITOSO - Usuario: peruano@gmail.com
[2026-07-03 08:16:05] LOGIN EXITOSO - Usuario: lookintoledo@gmail.com
